    Finished release [optimized] target(s) in 0.33s
     Running `/Users/khorolets/projects/pagoda/100xRPC/json-rpc-100x/target/release/tx-indexer mainnet from-latest`
[2m2023-03-15T08:05:14.187399Z[0m [32m INFO[0m [2mtx_indexer[0m[2m:[0m Connecting to redis...
[2m2023-03-15T08:05:14.188584Z[0m [32m INFO[0m [2mtx_indexer[0m[2m:[0m Connecting to scylla db...
[2m2023-03-15T08:05:14.252906Z[0m [32m INFO[0m [2mtx_indexer[0m[2m:[0m Generating LakeConfig...
[2m2023-03-15T08:05:14.423780Z[0m [32m INFO[0m [2mtx_indexer[0m[2m:[0m Instantiating the stream...
[2m2023-03-15T08:05:14.423936Z[0m [32m INFO[0m [2mtx_indexer[0m[2m:[0m Starting tx indexer...
[2m2023-03-15T08:05:15.395932Z[0m [32m INFO[0m [2mtx_indexer[0m[2m:[0m Block 87336388
[2m2023-03-15T08:05:17.733309Z[0m [32m INFO[0m [2mtx_indexer[0m[2m:[0m Block 87336389
[2m2023-03-15T08:05:17.774950Z[0m [32m INFO[0m [2mtx_indexer[0m[2m:[0m Block 87336390
[2m2023-03-15T08:05:20.179491Z[0m [32m INFO[0m [2mtx_indexer[0m[2m:[0m Block 87336391
[2m2023-03-15T08:05:20.300486Z[0m [32m INFO[0m [2mtx_indexer[0m[2m:[0m Block 87336392
[2m2023-03-15T08:05:22.559361Z[0m [32m INFO[0m [2mtx_indexer[0m[2m:[0m Block 87336393
[2m2023-03-15T08:05:22.685396Z[0m [32m INFO[0m [2mtx_indexer[0m[2m:[0m Block 87336394
[2m2023-03-15T08:05:24.826765Z[0m [32m INFO[0m [2mtx_indexer[0m[2m:[0m Block 87336395
[2m2023-03-15T08:05:24.955505Z[0m [32m INFO[0m [2mtx_indexer[0m[2m:[0m Block 87336396
[2m2023-03-15T08:05:27.319547Z[0m [32m INFO[0m [2mtx_indexer[0m[2m:[0m Block 87336397
[2m2023-03-15T08:05:27.428963Z[0m [32m INFO[0m [2mtx_indexer[0m[2m:[0m Block 87336398
[2m2023-03-15T08:05:29.734237Z[0m [32m INFO[0m [2mtx_indexer[0m[2m:[0m Block 87336399
[2m2023-03-15T08:05:29.880294Z[0m [32m INFO[0m [2mtx_indexer[0m[2m:[0m Block 87336400
[2m2023-03-15T08:05:32.471313Z[0m [32m INFO[0m [2mtx_indexer[0m[2m:[0m Block 87336401
[2m2023-03-15T08:05:32.592040Z[0m [32m INFO[0m [2mtx_indexer[0m[2m:[0m Block 87336402
[2m2023-03-15T08:05:34.866349Z[0m [32m INFO[0m [2mtx_indexer[0m[2m:[0m Block 87336403
[2m2023-03-15T08:05:34.992648Z[0m [32m INFO[0m [2mtx_indexer[0m[2m:[0m Block 87336404
